[35m[Appium][39m Welcome to Appium v2.5.1 (REV 5127b0453852571447daa1908ee7491ee3d1d68f)
[35m[Appium][39m Non-default server args:
[35m[Appium][39m { basePath: [32m'/wd/hub'[39m, loglevel: [32m'info'[39m, port: [33m57375[39m }
[35m[Appium][39m Attempting to load driver uiautomator2...
[35m[Appium][39m Attempting to load driver xcuitest...
[35m[Appium][39m Appium REST http interface listener started on http://0.0.0.0:57375/wd/hub
[35m[Appium][39m You can provide the following URLs in your client code to connect to this server:
[35m[Appium][39m 	http://192.168.1.23:57375/wd/hub
[35m[Appium][39m 	http://127.0.0.1:57375/wd/hub (only accessible from the same host)
[35m[Appium][39m Available drivers:
[35m[Appium][39m   - uiautomator2@3.0.0 (automationName 'UiAutomator2')
[35m[Appium][39m   - xcuitest@7.1.0 (automationName 'XCUITest')
[35m[Appium][39m No plugins have been installed. Use the "appium plugin" command to install the one(s) you want to use.
[38;5;0m[HTTP][0m [37m-->[39m [37mGET[39m [37m/wd/hub/status[39m
[38;5;0m[HTTP][0m [90m{}[39m
[38;5;0m[HTTP][0m [37m<-- GET /wd/hub/status [39m[32m200[39m [90m42 ms - 199[39m
[38;5;0m[HTTP][0m [90m[39m
[38;5;0m[HTTP][0m [37m-->[39m [37mGET[39m [37m/wd/hub/status[39m
[38;5;0m[HTTP][0m [90m{}[39m
[38;5;0m[HTTP][0m [37m<-- GET /wd/hub/status [39m[32m200[39m [90m4 ms - 199[39m
[38;5;0m[HTTP][0m [90m[39m
[38;5;0m[HTTP][0m [37m-->[39m [37mPOST[39m [37m/wd/hub/session[39m
[38;5;0m[HTTP][0m [90m{"desiredCapabilities":{"appium:systemPort":57475,"appium:newCommandTimeout":1800,"appium:automationName":"uiautomator2","appium:fullReset":false,"appium:platformVersion":"11","appium:noReset":true,"appium:udid":"07445371A9101948","appium:autoGrantPermissions":true,"appium:platformName":"ANDROID","appium:deviceName":"INFINIX MOBILITY LIMITED Infinix X662 (Android 11)","platformName":"Android","appium:app":"C:\\Users\\katob\\Downloads\\APIDemos.apk"},"capabilities":{"firstMatch":[{"appium:app":"C:\\Users\\katob\\Downloads\\APIDemos.apk","appium:autoGrantPermissions":true,"appium:automationName":"uiautomator2","appium:deviceName":"INFINIX MOBILITY LIMITED Infinix X662 (Android 11)","appium:fullReset":false,"appium:newCommandTimeout":1800,"appium:noReset":true,"appium:platformName":"ANDROID","appium:platformVersion":"11","appium:systemPort":57475,"appium:udid":"07445371A9101948","platformName":"android"}]}}[39m
[38;5;32m[BaseDriver][0m Ignoring capability 'appium:platformName=ANDROID' and using capability 'platformName=android'
[38;5;32m[BaseDriver][0m The capabilities ["platformName"] are standard capabilities and do not require "appium:" prefix
[35m[Appium][39m Attempting to find matching driver for automationName 'uiautomator2' and platformName 'android'
[35m[Appium][39m The 'uiautomator2' driver was installed and matched caps.
[35m[Appium][39m Will require it at C:\Users\katob\.appium\node_modules\appium-uiautomator2-driver
[38;5;16m[AppiumDriver@efa8][0m Appium v2.5.1 creating new AndroidUiautomator2Driver (v3.0.0) session
[38;5;16m[AppiumDriver@efa8][0m Checking BaseDriver versions for Appium and AndroidUiautomator2Driver
[38;5;16m[AppiumDriver@efa8][0m Appium's BaseDriver version is 9.5.2
[38;5;16m[AppiumDriver@efa8][0m AndroidUiautomator2Driver's BaseDriver version is 9.5.2
[38;5;48m[AndroidUiautomator2Driver@c580 (4918a664)][0m Session created with session id: 4918a664-6ce8-42c1-b5c0-7276e85119cf
[38;5;64m[ADB][0m Found 1 'build-tools' folders under 'C:\Users\katob\.katalon\tools\android_sdk' (newest first):
[38;5;64m[ADB][0m     C:\Users\katob\.katalon\tools\android_sdk\build-tools\29.0.3
[38;5;64m[ADB][0m Using 'adb.exe' from 'C:\Users\katob\.katalon\tools\android_sdk\platform-tools\adb.exe'
[38;5;48m[AndroidUiautomator2Driver@c580 (4918a664)][0m Retrieving device list
[38;5;48m[AndroidUiautomator2Driver@c580 (4918a664)][0m Using device: 07445371A9101948
[38;5;64m[ADB][0m Using 'adb.exe' from 'C:\Users\katob\.katalon\tools\android_sdk\platform-tools\adb.exe'
[38;5;32m[BaseDriver][0m Using local app 'C:\Users\katob\Downloads\APIDemos.apk'
[38;5;64m[ADB][0m Getting device platform version
[38;5;48m[AndroidUiautomator2Driver@c580 (4918a664)][0m Relaxing hidden api policy
[38;5;64m[ADB][0m Package name: 'io.appium.android.apis'
[38;5;64m[ADB][0m Main activity name: 'io.appium.android.apis.ApiDemos'
[38;5;64m[ADB][0m The application at 'C:\Users\katob\.appium\node_modules\appium-uiautomator2-driver\node_modules\io.appium.settings\apks\settings_apk-debug.apk' will not be cached, because the device under test has confirmed the support of streamed installs
[38;5;64m[ADB][0m The installation of 'settings_apk-debug.apk' took 1327ms
[38;5;64m[ADB][0m Using 'apksigner.jar' from 'C:\Users\katob\.katalon\tools\android_sdk\build-tools\29.0.3\lib\apksigner.jar'
[38;5;64m[ADB][0m 'C:\Users\katob\.appium\node_modules\appium-uiautomator2-driver\node_modules\appium-uiautomator2-server\apks\appium-uiautomator2-server-debug-androidTest.apk' is signed with the default certificate
[38;5;64m[ADB][0m 'C:\Users\katob\Downloads\APIDemos.apk' is signed with a non-default certificate
[38;5;64m[ADB][0m The application at 'C:\Users\katob\Downloads\APIDemos.apk' will not be cached, because the device under test has confirmed the support of streamed installs
[38;5;64m[ADB][0m 'C:\Users\katob\.appium\node_modules\appium-uiautomator2-driver\node_modules\appium-uiautomator2-server\apks\appium-uiautomator2-server-v7.0.0.apk' is signed with the default certificate
[38;5;48m[AndroidUiautomator2Driver@c580 (4918a664)][0m Server packages are going to be (re)installed
[38;5;64m[ADB][0m The installation of 'APIDemos.apk' took 1724ms
[38;5;64m[ADB][0m The application at 'C:\Users\katob\.appium\node_modules\appium-uiautomator2-driver\node_modules\appium-uiautomator2-server\apks\appium-uiautomator2-server-v7.0.0.apk' will not be cached, because the device under test has confirmed the support of streamed installs
[38;5;64m[ADB][0m The application at 'C:\Users\katob\.appium\node_modules\appium-uiautomator2-driver\node_modules\appium-uiautomator2-server\apks\appium-uiautomator2-server-debug-androidTest.apk' will not be cached, because the device under test has confirmed the support of streamed installs
[38;5;64m[ADB][0m The installation of 'appium-uiautomator2-server-debug-androidTest.apk' took 820ms
[38;5;64m[ADB][0m The installation of 'appium-uiautomator2-server-v7.0.0.apk' took 2531ms
[38;5;64m[ADB][0m Adding packages ["io.appium.settings","io.appium.uiautomator2.server","io.appium.uiautomator2.server.test"] to Doze whitelist
[38;5;48m[AndroidUiautomator2Driver@c580 (4918a664)][0m Starting UIAutomator2 server 7.0.0
[38;5;48m[AndroidUiautomator2Driver@c580 (4918a664)][0m Using UIAutomator2 server from 'C:\Users\katob\.appium\node_modules\appium-uiautomator2-driver\node_modules\appium-uiautomator2-server\apks\appium-uiautomator2-server-v7.0.0.apk' and test from 'C:\Users\katob\.appium\node_modules\appium-uiautomator2-driver\node_modules\appium-uiautomator2-server\apks\appium-uiautomator2-server-debug-androidTest.apk'
[38;5;48m[AndroidUiautomator2Driver@c580 (4918a664)][0m Waiting up to 30000ms for UiAutomator2 to be online...
[38;5;48m[AndroidUiautomator2Driver@c580 (4918a664)][0m socket hang up
[38;5;48m[AndroidUiautomator2Driver@c580 (4918a664)][0m socket hang up
[38;5;48m[AndroidUiautomator2Driver@c580 (4918a664)][0m socket hang up
[38;5;48m[AndroidUiautomator2Driver@c580 (4918a664)][0m Determined the downstream protocol as 'W3C'
[38;5;48m[AndroidUiautomator2Driver@c580 (4918a664)][0m Screen already unlocked, doing nothing
[38;5;48m[AndroidUiautomator2Driver@c580 (4918a664)][0m Starting 'io.appium.android.apis/io.appium.android.apis.ApiDemos and waiting for 'io.appium.android.apis/io.appium.android.apis.ApiDemos'
[38;5;16m[AppiumDriver@efa8][0m New AndroidUiautomator2Driver session created successfully, session 4918a664-6ce8-42c1-b5c0-7276e85119cf added to master session list
[38;5;0m[HTTP][0m [37m<-- POST /wd/hub/session [39m[32m200[39m [90m29886 ms - 1229[39m
[38;5;0m[HTTP][0m [90m[39m
[38;5;0m[HTTP][0m [37m-->[39m [37mGET[39m [37m/wd/hub/session/4918a664-6ce8-42c1-b5c0-7276e85119cf[39m
[38;5;0m[HTTP][0m [90m{}[39m
[38;5;0m[HTTP][0m [37m<-- GET /wd/hub/session/4918a664-6ce8-42c1-b5c0-7276e85119cf [39m[32m200[39m [90m58 ms - 360[39m
[38;5;0m[HTTP][0m [90m[39m
[38;5;0m[HTTP][0m [37m-->[39m [37mGET[39m [37m/wd/hub/session/4918a664-6ce8-42c1-b5c0-7276e85119cf[39m
[38;5;0m[HTTP][0m [90m{}[39m
[38;5;0m[HTTP][0m [37m<-- GET /wd/hub/session/4918a664-6ce8-42c1-b5c0-7276e85119cf [39m[32m200[39m [90m49 ms - 360[39m
[38;5;0m[HTTP][0m [90m[39m
[38;5;0m[HTTP][0m [37m-->[39m [37mGET[39m [37m/wd/hub/status[39m
[38;5;0m[HTTP][0m [90m{}[39m
[38;5;0m[HTTP][0m [37m<-- GET /wd/hub/status [39m[32m200[39m [90m3 ms - 199[39m
[38;5;0m[HTTP][0m [90m[39m
[38;5;0m[HTTP][0m [37m-->[39m [37mPOST[39m [37m/wd/hub/session/4918a664-6ce8-42c1-b5c0-7276e85119cf/timeouts[39m
[38;5;0m[HTTP][0m [90m{"implicit":60000}[39m
[38;5;0m[HTTP][0m [37m<-- POST /wd/hub/session/4918a664-6ce8-42c1-b5c0-7276e85119cf/timeouts [39m[32m200[39m [90m14 ms - 14[39m
[38;5;0m[HTTP][0m [90m[39m
[38;5;0m[HTTP][0m [37m-->[39m [37mGET[39m [37m/wd/hub/session/4918a664-6ce8-42c1-b5c0-7276e85119cf/source[39m
[38;5;0m[HTTP][0m [90m{}[39m
[38;5;48m[AndroidUiautomator2Driver@c580 (4918a664)][0m Driver proxy active, passing request on via HTTP proxy
[38;5;48m[AndroidUiautomator2Driver@c580 (4918a664)][0m Replacing sessionId c8f564e0-e899-4c03-97cc-095540b04774 with 4918a664-6ce8-42c1-b5c0-7276e85119cf
[38;5;0m[HTTP][0m [37m<-- GET /wd/hub/session/4918a664-6ce8-42c1-b5c0-7276e85119cf/source [39m[32m200[39m [90m136 ms - 8579[39m
[38;5;0m[HTTP][0m [90m[39m
[38;5;0m[HTTP][0m [37m-->[39m [37mGET[39m [37m/wd/hub/session/4918a664-6ce8-42c1-b5c0-7276e85119cf/screenshot[39m
[38;5;0m[HTTP][0m [90m{}[39m
[38;5;0m[HTTP][0m [37m<-- GET /wd/hub/session/4918a664-6ce8-42c1-b5c0-7276e85119cf/screenshot [39m[32m200[39m [90m605 ms - 116944[39m
[38;5;0m[HTTP][0m [90m[39m
[38;5;0m[HTTP][0m [37m-->[39m [37mPOST[39m [37m/wd/hub/session/4918a664-6ce8-42c1-b5c0-7276e85119cf/elements[39m
[38;5;0m[HTTP][0m [90m{"using":"xpath","value":"//*[@class = 'android.widget.TextView' and (@text = 'OS' or . = 'OS') and @resource-id = 'android:id/text1']"}[39m
[38;5;0m[HTTP][0m [37m<-- POST /wd/hub/session/4918a664-6ce8-42c1-b5c0-7276e85119cf/elements [39m[32m200[39m [90m792 ms - 139[39m
[38;5;0m[HTTP][0m [90m[39m
[38;5;0m[HTTP][0m [37m-->[39m [37mGET[39m [37m/wd/hub/session/4918a664-6ce8-42c1-b5c0-7276e85119cf/window/rect[39m
[38;5;0m[HTTP][0m [90m{}[39m
[38;5;0m[HTTP][0m [37m<-- GET /wd/hub/session/4918a664-6ce8-42c1-b5c0-7276e85119cf/window/rect [39m[32m200[39m [90m152 ms - 50[39m
[38;5;0m[HTTP][0m [90m[39m
[38;5;0m[HTTP][0m [37m-->[39m [37mPOST[39m [37m/wd/hub/session/4918a664-6ce8-42c1-b5c0-7276e85119cf/elements[39m
[38;5;0m[HTTP][0m [90m{"using":"xpath","value":"//*[@class = 'android.widget.TextView' and (@text = 'OS' or . = 'OS') and @resource-id = 'android:id/text1']"}[39m
[38;5;0m[HTTP][0m [37m<-- POST /wd/hub/session/4918a664-6ce8-42c1-b5c0-7276e85119cf/elements [39m[32m200[39m [90m160 ms - 139[39m
[38;5;0m[HTTP][0m [90m[39m
[38;5;0m[HTTP][0m [37m-->[39m [37mGET[39m [37m/wd/hub/session/4918a664-6ce8-42c1-b5c0-7276e85119cf/element/00000000-0000-0011-ffff-ffff00000011/location[39m
[38;5;0m[HTTP][0m [90m{}[39m
[38;5;48m[AndroidUiautomator2Driver@c580 (4918a664)][0m Driver proxy active, passing request on via HTTP proxy
[38;5;48m[AndroidUiautomator2Driver@c580 (4918a664)][0m Replacing sessionId c8f564e0-e899-4c03-97cc-095540b04774 with 4918a664-6ce8-42c1-b5c0-7276e85119cf
[38;5;0m[HTTP][0m [37m<-- GET /wd/hub/session/4918a664-6ce8-42c1-b5c0-7276e85119cf/element/00000000-0000-0011-ffff-ffff00000011/location [39m[32m200[39m [90m76 ms - 77[39m
[38;5;0m[HTTP][0m [90m[39m
[38;5;0m[HTTP][0m [37m-->[39m [37mPOST[39m [37m/wd/hub/session/4918a664-6ce8-42c1-b5c0-7276e85119cf/element/00000000-0000-0011-ffff-ffff00000011/click[39m
[38;5;0m[HTTP][0m [90m{"id":"00000000-0000-0011-ffff-ffff00000011"}[39m
[38;5;0m[HTTP][0m [37m<-- POST /wd/hub/session/4918a664-6ce8-42c1-b5c0-7276e85119cf/element/00000000-0000-0011-ffff-ffff00000011/click [39m[32m200[39m [90m967 ms - 14[39m
[38;5;0m[HTTP][0m [90m[39m
[38;5;0m[HTTP][0m [37m-->[39m [37mGET[39m [37m/wd/hub/session/4918a664-6ce8-42c1-b5c0-7276e85119cf/source[39m
[38;5;0m[HTTP][0m [90m{}[39m
[38;5;48m[AndroidUiautomator2Driver@c580 (4918a664)][0m Driver proxy active, passing request on via HTTP proxy
[38;5;48m[AndroidUiautomator2Driver@c580 (4918a664)][0m Replacing sessionId c8f564e0-e899-4c03-97cc-095540b04774 with 4918a664-6ce8-42c1-b5c0-7276e85119cf
[38;5;0m[HTTP][0m [37m<-- GET /wd/hub/session/4918a664-6ce8-42c1-b5c0-7276e85119cf/source [39m[32m200[39m [90m151 ms - 5071[39m
[38;5;0m[HTTP][0m [90m[39m
[38;5;0m[HTTP][0m [37m-->[39m [37mGET[39m [37m/wd/hub/session/4918a664-6ce8-42c1-b5c0-7276e85119cf/screenshot[39m
[38;5;0m[HTTP][0m [90m{}[39m
[38;5;0m[HTTP][0m [37m<-- GET /wd/hub/session/4918a664-6ce8-42c1-b5c0-7276e85119cf/screenshot [39m[32m200[39m [90m700 ms - 86644[39m
[38;5;0m[HTTP][0m [90m[39m
[38;5;0m[HTTP][0m [37m-->[39m [37mPOST[39m [37m/wd/hub/session/4918a664-6ce8-42c1-b5c0-7276e85119cf/elements[39m
[38;5;0m[HTTP][0m [90m{"using":"xpath","value":"//*[@class = 'android.widget.TextView' and (@text = 'SMS Messaging' or . = 'SMS Messaging') and @resource-id = 'android:id/text1']"}[39m
[38;5;0m[HTTP][0m [37m<-- POST /wd/hub/session/4918a664-6ce8-42c1-b5c0-7276e85119cf/elements [39m[32m200[39m [90m248 ms - 139[39m
[38;5;0m[HTTP][0m [90m[39m
[38;5;0m[HTTP][0m [37m-->[39m [37mGET[39m [37m/wd/hub/session/4918a664-6ce8-42c1-b5c0-7276e85119cf/window/rect[39m
[38;5;0m[HTTP][0m [90m{}[39m
[38;5;0m[HTTP][0m [37m<-- GET /wd/hub/session/4918a664-6ce8-42c1-b5c0-7276e85119cf/window/rect [39m[32m200[39m [90m60 ms - 50[39m
[38;5;0m[HTTP][0m [90m[39m
[38;5;0m[HTTP][0m [37m-->[39m [37mPOST[39m [37m/wd/hub/session/4918a664-6ce8-42c1-b5c0-7276e85119cf/elements[39m
[38;5;0m[HTTP][0m [90m{"using":"xpath","value":"//*[@class = 'android.widget.TextView' and (@text = 'SMS Messaging' or . = 'SMS Messaging') and @resource-id = 'android:id/text1']"}[39m
[38;5;0m[HTTP][0m [37m<-- POST /wd/hub/session/4918a664-6ce8-42c1-b5c0-7276e85119cf/elements [39m[32m200[39m [90m244 ms - 139[39m
[38;5;0m[HTTP][0m [90m[39m
[38;5;0m[HTTP][0m [37m-->[39m [37mGET[39m [37m/wd/hub/session/4918a664-6ce8-42c1-b5c0-7276e85119cf/element/00000000-0000-0013-ffff-ffff0000002f/location[39m
[38;5;0m[HTTP][0m [90m{}[39m
[38;5;48m[AndroidUiautomator2Driver@c580 (4918a664)][0m Driver proxy active, passing request on via HTTP proxy
[38;5;48m[AndroidUiautomator2Driver@c580 (4918a664)][0m Replacing sessionId c8f564e0-e899-4c03-97cc-095540b04774 with 4918a664-6ce8-42c1-b5c0-7276e85119cf
[38;5;0m[HTTP][0m [37m<-- GET /wd/hub/session/4918a664-6ce8-42c1-b5c0-7276e85119cf/element/00000000-0000-0013-ffff-ffff0000002f/location [39m[32m200[39m [90m57 ms - 76[39m
[38;5;0m[HTTP][0m [90m[39m
[38;5;0m[HTTP][0m [37m-->[39m [37mPOST[39m [37m/wd/hub/session/4918a664-6ce8-42c1-b5c0-7276e85119cf/element/00000000-0000-0013-ffff-ffff0000002f/click[39m
[38;5;0m[HTTP][0m [90m{"id":"00000000-0000-0013-ffff-ffff0000002f"}[39m
[38;5;0m[HTTP][0m [37m<-- POST /wd/hub/session/4918a664-6ce8-42c1-b5c0-7276e85119cf/element/00000000-0000-0013-ffff-ffff0000002f/click [39m[32m200[39m [90m1229 ms - 14[39m
[38;5;0m[HTTP][0m [90m[39m
[38;5;0m[HTTP][0m [37m-->[39m [37mGET[39m [37m/wd/hub/session/4918a664-6ce8-42c1-b5c0-7276e85119cf/source[39m
[38;5;0m[HTTP][0m [90m{}[39m
[38;5;48m[AndroidUiautomator2Driver@c580 (4918a664)][0m Driver proxy active, passing request on via HTTP proxy
[38;5;48m[AndroidUiautomator2Driver@c580 (4918a664)][0m Replacing sessionId c8f564e0-e899-4c03-97cc-095540b04774 with 4918a664-6ce8-42c1-b5c0-7276e85119cf
[38;5;0m[HTTP][0m [37m<-- GET /wd/hub/session/4918a664-6ce8-42c1-b5c0-7276e85119cf/source [39m[32m200[39m [90m589 ms - 9668[39m
[38;5;0m[HTTP][0m [90m[39m
[38;5;0m[HTTP][0m [37m-->[39m [37mGET[39m [37m/wd/hub/session/4918a664-6ce8-42c1-b5c0-7276e85119cf/screenshot[39m
[38;5;0m[HTTP][0m [90m{}[39m
[38;5;0m[HTTP][0m [37m<-- GET /wd/hub/session/4918a664-6ce8-42c1-b5c0-7276e85119cf/screenshot [39m[32m200[39m [90m716 ms - 135428[39m
[38;5;0m[HTTP][0m [90m[39m
[38;5;0m[HTTP][0m [37m-->[39m [37mPOST[39m [37m/wd/hub/session/4918a664-6ce8-42c1-b5c0-7276e85119cf/elements[39m
[38;5;0m[HTTP][0m [90m{"using":"xpath","value":"//*[@class = 'android.widget.EditText' and @resource-id = 'io.appium.android.apis:id/sms_recipient' and (@text = '' or . = '')]"}[39m
[38;5;0m[HTTP][0m [37m<-- POST /wd/hub/session/4918a664-6ce8-42c1-b5c0-7276e85119cf/elements [39m[32m200[39m [90m304 ms - 139[39m
[38;5;0m[HTTP][0m [90m[39m
[38;5;0m[HTTP][0m [37m-->[39m [37mGET[39m [37m/wd/hub/session/4918a664-6ce8-42c1-b5c0-7276e85119cf/window/rect[39m
[38;5;0m[HTTP][0m [90m{}[39m
[38;5;0m[HTTP][0m [37m<-- GET /wd/hub/session/4918a664-6ce8-42c1-b5c0-7276e85119cf/window/rect [39m[32m200[39m [90m32 ms - 50[39m
[38;5;0m[HTTP][0m [90m[39m
[38;5;0m[HTTP][0m [37m-->[39m [37mPOST[39m [37m/wd/hub/session/4918a664-6ce8-42c1-b5c0-7276e85119cf/elements[39m
[38;5;0m[HTTP][0m [90m{"using":"xpath","value":"//*[@class = 'android.widget.EditText' and @resource-id = 'io.appium.android.apis:id/sms_recipient' and (@text = '' or . = '')]"}[39m
[38;5;0m[HTTP][0m [37m<-- POST /wd/hub/session/4918a664-6ce8-42c1-b5c0-7276e85119cf/elements [39m[32m200[39m [90m563 ms - 139[39m
[38;5;0m[HTTP][0m [90m[39m
[38;5;0m[HTTP][0m [37m-->[39m [37mGET[39m [37m/wd/hub/session/4918a664-6ce8-42c1-b5c0-7276e85119cf/element/00000000-0000-0014-ffff-ffff0000003a/location[39m
[38;5;0m[HTTP][0m [90m{}[39m
[38;5;48m[AndroidUiautomator2Driver@c580 (4918a664)][0m Driver proxy active, passing request on via HTTP proxy
[38;5;48m[AndroidUiautomator2Driver@c580 (4918a664)][0m Replacing sessionId c8f564e0-e899-4c03-97cc-095540b04774 with 4918a664-6ce8-42c1-b5c0-7276e85119cf
[38;5;0m[HTTP][0m [37m<-- GET /wd/hub/session/4918a664-6ce8-42c1-b5c0-7276e85119cf/element/00000000-0000-0014-ffff-ffff0000003a/location [39m[32m200[39m [90m35 ms - 78[39m
[38;5;0m[HTTP][0m [90m[39m
[38;5;0m[HTTP][0m [37m-->[39m [37mPOST[39m [37m/wd/hub/session/4918a664-6ce8-42c1-b5c0-7276e85119cf/element/00000000-0000-0014-ffff-ffff0000003a/clear[39m
[38;5;0m[HTTP][0m [90m{"id":"00000000-0000-0014-ffff-ffff0000003a"}[39m
[38;5;0m[HTTP][0m [37m<-- POST /wd/hub/session/4918a664-6ce8-42c1-b5c0-7276e85119cf/element/00000000-0000-0014-ffff-ffff0000003a/clear [39m[32m200[39m [90m42 ms - 14[39m
[38;5;0m[HTTP][0m [90m[39m
[38;5;0m[HTTP][0m [37m-->[39m [37mPOST[39m [37m/wd/hub/session/4918a664-6ce8-42c1-b5c0-7276e85119cf/element/00000000-0000-0014-ffff-ffff0000003a/click[39m
[38;5;0m[HTTP][0m [90m{"id":"00000000-0000-0014-ffff-ffff0000003a"}[39m
[38;5;0m[HTTP][0m [37m<-- POST /wd/hub/session/4918a664-6ce8-42c1-b5c0-7276e85119cf/element/00000000-0000-0014-ffff-ffff0000003a/click [39m[32m200[39m [90m501 ms - 14[39m
[38;5;0m[HTTP][0m [90m[39m
[38;5;0m[HTTP][0m [37m-->[39m [37mPOST[39m [37m/wd/hub/session/4918a664-6ce8-42c1-b5c0-7276e85119cf/element/00000000-0000-0014-ffff-ffff0000003a/value[39m
[38;5;0m[HTTP][0m [90m{"id":"00000000-0000-0014-ffff-ffff0000003a","text":"1234567890","value":["1","2","3","4","5","6","7","8","9","0"]}[39m
[38;5;0m[HTTP][0m [37m<-- POST /wd/hub/session/4918a664-6ce8-42c1-b5c0-7276e85119cf/element/00000000-0000-0014-ffff-ffff0000003a/value [39m[32m200[39m [90m904 ms - 14[39m
[38;5;0m[HTTP][0m [90m[39m
[38;5;0m[HTTP][0m [37m-->[39m [37mGET[39m [37m/wd/hub/session/4918a664-6ce8-42c1-b5c0-7276e85119cf/source[39m
[38;5;0m[HTTP][0m [90m{}[39m
[38;5;48m[AndroidUiautomator2Driver@c580 (4918a664)][0m Driver proxy active, passing request on via HTTP proxy
[38;5;48m[AndroidUiautomator2Driver@c580 (4918a664)][0m Replacing sessionId c8f564e0-e899-4c03-97cc-095540b04774 with 4918a664-6ce8-42c1-b5c0-7276e85119cf
[38;5;0m[HTTP][0m [37m<-- GET /wd/hub/session/4918a664-6ce8-42c1-b5c0-7276e85119cf/source [39m[32m200[39m [90m182 ms - 9677[39m
[38;5;0m[HTTP][0m [90m[39m
[38;5;0m[HTTP][0m [37m-->[39m [37mGET[39m [37m/wd/hub/session/4918a664-6ce8-42c1-b5c0-7276e85119cf/screenshot[39m
[38;5;0m[HTTP][0m [90m{}[39m
[38;5;0m[HTTP][0m [37m<-- GET /wd/hub/session/4918a664-6ce8-42c1-b5c0-7276e85119cf/screenshot [39m[32m200[39m [90m685 ms - 229732[39m
[38;5;0m[HTTP][0m [90m[39m
[38;5;0m[HTTP][0m [37m-->[39m [37mPOST[39m [37m/wd/hub/session/4918a664-6ce8-42c1-b5c0-7276e85119cf/elements[39m
[38;5;0m[HTTP][0m [90m{"using":"xpath","value":"//*[@class = 'android.widget.EditText' and @resource-id = 'io.appium.android.apis:id/sms_content' and (@text = '' or . = '')]"}[39m
[38;5;0m[HTTP][0m [37m<-- POST /wd/hub/session/4918a664-6ce8-42c1-b5c0-7276e85119cf/elements [39m[32m200[39m [90m478 ms - 139[39m
[38;5;0m[HTTP][0m [90m[39m
[38;5;0m[HTTP][0m [37m-->[39m [37mGET[39m [37m/wd/hub/session/4918a664-6ce8-42c1-b5c0-7276e85119cf/window/rect[39m
[38;5;0m[HTTP][0m [90m{}[39m
[38;5;0m[HTTP][0m [37m<-- GET /wd/hub/session/4918a664-6ce8-42c1-b5c0-7276e85119cf/window/rect [39m[32m200[39m [90m39 ms - 50[39m
[38;5;0m[HTTP][0m [90m[39m
[38;5;0m[HTTP][0m [37m-->[39m [37mPOST[39m [37m/wd/hub/session/4918a664-6ce8-42c1-b5c0-7276e85119cf/elements[39m
[38;5;0m[HTTP][0m [90m{"using":"xpath","value":"//*[@class = 'android.widget.EditText' and @resource-id = 'io.appium.android.apis:id/sms_content' and (@text = '' or . = '')]"}[39m
[38;5;0m[HTTP][0m [37m<-- POST /wd/hub/session/4918a664-6ce8-42c1-b5c0-7276e85119cf/elements [39m[32m200[39m [90m565 ms - 139[39m
[38;5;0m[HTTP][0m [90m[39m
[38;5;0m[HTTP][0m [37m-->[39m [37mGET[39m [37m/wd/hub/session/4918a664-6ce8-42c1-b5c0-7276e85119cf/element/00000000-0000-0014-ffff-ffff0000003d/location[39m
[38;5;0m[HTTP][0m [90m{}[39m
[38;5;48m[AndroidUiautomator2Driver@c580 (4918a664)][0m Driver proxy active, passing request on via HTTP proxy
[38;5;48m[AndroidUiautomator2Driver@c580 (4918a664)][0m Replacing sessionId c8f564e0-e899-4c03-97cc-095540b04774 with 4918a664-6ce8-42c1-b5c0-7276e85119cf
[38;5;0m[HTTP][0m [37m<-- GET /wd/hub/session/4918a664-6ce8-42c1-b5c0-7276e85119cf/element/00000000-0000-0014-ffff-ffff0000003d/location [39m[32m200[39m [90m46 ms - 78[39m
[38;5;0m[HTTP][0m [90m[39m
[38;5;0m[HTTP][0m [37m-->[39m [37mPOST[39m [37m/wd/hub/session/4918a664-6ce8-42c1-b5c0-7276e85119cf/element/00000000-0000-0014-ffff-ffff0000003d/clear[39m
[38;5;0m[HTTP][0m [90m{"id":"00000000-0000-0014-ffff-ffff0000003d"}[39m
[38;5;0m[HTTP][0m [37m<-- POST /wd/hub/session/4918a664-6ce8-42c1-b5c0-7276e85119cf/element/00000000-0000-0014-ffff-ffff0000003d/clear [39m[32m200[39m [90m47 ms - 14[39m
[38;5;0m[HTTP][0m [90m[39m
[38;5;0m[HTTP][0m [37m-->[39m [37mPOST[39m [37m/wd/hub/session/4918a664-6ce8-42c1-b5c0-7276e85119cf/element/00000000-0000-0014-ffff-ffff0000003d/click[39m
[38;5;0m[HTTP][0m [90m{"id":"00000000-0000-0014-ffff-ffff0000003d"}[39m
[38;5;0m[HTTP][0m [37m<-- POST /wd/hub/session/4918a664-6ce8-42c1-b5c0-7276e85119cf/element/00000000-0000-0014-ffff-ffff0000003d/click [39m[32m200[39m [90m1026 ms - 14[39m
[38;5;0m[HTTP][0m [90m[39m
[38;5;0m[HTTP][0m [37m-->[39m [37mPOST[39m [37m/wd/hub/session/4918a664-6ce8-42c1-b5c0-7276e85119cf/element/00000000-0000-0014-ffff-ffff0000003d/value[39m
[38;5;0m[HTTP][0m [90m{"id":"00000000-0000-0014-ffff-ffff0000003d","text":"Yuda Dwi Rahmansyah","value":["Y","u","d","a"," ","D","w","i"," ","R","a","h","m","a","n","s","y","a","h"]}[39m
[38;5;0m[HTTP][0m [37m<-- POST /wd/hub/session/4918a664-6ce8-42c1-b5c0-7276e85119cf/element/00000000-0000-0014-ffff-ffff0000003d/value [39m[32m200[39m [90m52 ms - 14[39m
[38;5;0m[HTTP][0m [90m[39m
[38;5;0m[HTTP][0m [37m-->[39m [37mGET[39m [37m/wd/hub/session/4918a664-6ce8-42c1-b5c0-7276e85119cf/source[39m
[38;5;0m[HTTP][0m [90m{}[39m
[38;5;48m[AndroidUiautomator2Driver@c580 (4918a664)][0m Driver proxy active, passing request on via HTTP proxy
[38;5;48m[AndroidUiautomator2Driver@c580 (4918a664)][0m Replacing sessionId c8f564e0-e899-4c03-97cc-095540b04774 with 4918a664-6ce8-42c1-b5c0-7276e85119cf
[38;5;0m[HTTP][0m [37m<-- GET /wd/hub/session/4918a664-6ce8-42c1-b5c0-7276e85119cf/source [39m[32m200[39m [90m81 ms - 9696[39m
[38;5;0m[HTTP][0m [90m[39m
[38;5;0m[HTTP][0m [37m-->[39m [37mGET[39m [37m/wd/hub/session/4918a664-6ce8-42c1-b5c0-7276e85119cf/screenshot[39m
[38;5;0m[HTTP][0m [90m{}[39m
[38;5;0m[HTTP][0m [37m<-- GET /wd/hub/session/4918a664-6ce8-42c1-b5c0-7276e85119cf/screenshot [39m[32m200[39m [90m537 ms - 240572[39m
[38;5;0m[HTTP][0m [90m[39m
[38;5;0m[HTTP][0m [37m-->[39m [37mDELETE[39m [37m/wd/hub/session/4918a664-6ce8-42c1-b5c0-7276e85119cf[39m
[38;5;0m[HTTP][0m [90m{}[39m
[38;5;16m[AppiumDriver@efa8][0m Removing session 4918a664-6ce8-42c1-b5c0-7276e85119cf from our master session list
[38;5;48m[AndroidUiautomator2Driver@c580 (4918a664)][0m Restoring hidden api policy to the device default configuration
[38;5;0m[HTTP][0m [37m<-- DELETE /wd/hub/session/4918a664-6ce8-42c1-b5c0-7276e85119cf [39m[32m200[39m [90m676 ms - 14[39m
[38;5;0m[HTTP][0m [90m[39m
